# JRE version: OpenJDK Runtime Environment Temurin-21.0.8+9 (21.0.8+9) (build 21.0.8+9-LTS)
# Java VM: OpenJDK 64-Bit Server VM Temurin-21.0.8+9 (21.0.8+9-LTS, mixed mode, sharing, tiered, compressed oops, compressed class ptrs, parallel gc, windows-amd64)
GC Precious Log:
 CardTable entry size: 512
 CPUs: 12 total, 12 available
 Memory: 15734M
 Large Page Support: Disabled
 NUMA Support: Disabled
 Compressed Oops: Enabled (32-bit)
 Alignments: Space 512K, Generation 512K, Heap 2M
 Heap Min Capacity: 100M
 Heap Initial Capacity: 100M
 Heap Max Capacity: 2G
 Pre-touch: Disabled
 Parallel Workers: 10
Heap:
 PSYoungGen      total 6144K, used 6087K [0x00000000d5580000, 0x00000000d5d80000, 0x0000000100000000)
  eden space 5120K, 100% used [0x00000000d5580000,0x00000000d5a80000,0x00000000d5a80000)
  from space 1024K, 94% used [0x00000000d5b00000,0x00000000d5bf1c50,0x00000000d5c00000)
  to   space 1536K, 55% used [0x00000000d5c00000,0x00000000d5cd4370,0x00000000d5d80000)
 ParOldGen       total 162816K, used 162487K [0x0000000080000000, 0x0000000089f00000, 0x00000000d5580000)
  object space 162816K, 99% used [0x0000000080000000,0x0000000089eadd80,0x0000000089f00000)
 Metaspace       used 72852K, committed 74240K, reserved 1114112K
  class space    used 9063K, committed 9664K, reserved 1048576K
GC Heap History (20 events):
Event: 82.488 GC heap before
{Heap before GC invocations=101 (full 3):
 PSYoungGen      total 8704K, used 8279K [0x00000000d5580000, 0x00000000d6100000, 0x0000000100000000)
  eden space 6656K, 100% used [0x00000000d5580000,0x00000000d5c00000,0x00000000d5c00000)
  from space 2048K, 79% used [0x00000000d5c00000,0x00000000d5d95e00,0x00000000d5e00000)
  to   space 2560K, 0% used [0x00000000d5e80000,0x00000000d5e80000,0x00000000d6100000)
 ParOldGen       total 149504K, used 149477K [0x0000000080000000, 0x0000000089200000, 0x00000000d5580000)
  object space 149504K, 99% used [0x0000000080000000,0x00000000891f96f8,0x0000000089200000)
 Metaspace       used 72157K, committed 73536K, reserved 1114112K
  class space    used 8985K, committed 9600K, reserved 1048576K
}
Event: 82.490 GC heap after
{Heap after GC invocations=101 (full 3):
 PSYoungGen      total 8704K, used 1769K [0x00000000d5580000, 0x00000000d6080000, 0x0000000100000000)
  eden space 6656K, 0% used [0x00000000d5580000,0x00000000d5580000,0x00000000d5c00000)
  from space 2048K, 86% used [0x00000000d5e80000,0x00000000d603a488,0x00000000d6080000)
  to   space 2048K, 0% used [0x00000000d5c00000,0x00000000d5c00000,0x00000000d5e00000)
 ParOldGen       total 151040K, used 150950K [0x0000000080000000, 0x0000000089380000, 0x00000000d5580000)
  object space 151040K, 99% used [0x0000000080000000,0x0000000089369998,0x0000000089380000)
 Metaspace       used 72157K, committed 73536K, reserved 1114112K
  class space    used 8985K, committed 9600K, reserved 1048576K
}
Event: 82.512 GC heap before
{Heap before GC invocations=102 (full 3):
 PSYoungGen      total 8704K, used 8425K [0x00000000d5580000, 0x00000000d6080000, 0x0000000100000000)
  eden space 6656K, 100% used [0x00000000d5580000,0x00000000d5c00000,0x00000000d5c00000)
  from space 2048K, 86% used [0x00000000d5e80000,0x00000000d603a488,0x00000000d6080000)
  to   space 2048K, 0% used [0x00000000d5c00000,0x00000000d5c00000,0x00000000d5e00000)
 ParOldGen       total 151040K, used 150950K [0x0000000080000000, 0x0000000089380000, 0x00000000d5580000)
  object space 151040K, 99% used [0x0000000080000000,0x0000000089369998,0x0000000089380000)
 Metaspace       used 72157K, committed 73536K, reserved 1114112K
  class space    used 8985K, committed 9600K, reserved 1048576K
}
Event: 82.516 GC heap after
{Heap after GC invocations=102 (full 3):
 PSYoungGen      total 8192K, used 1297K [0x00000000d5580000, 0x00000000d5f00000, 0x0000000100000000)
  eden space 6656K, 0% used [0x00000000d5580000,0x00000000d5580000,0x00000000d5c00000)
  from space 1536K, 84% used [0x00000000d5c00000,0x00000000d5d44528,0x00000000d5d80000)
  to   space 1536K, 0% used [0x00000000d5d80000,0x00000000d5d80000,0x00000000d5f00000)
 ParOldGen       total 152576K, used 152498K [0x0000000080000000, 0x0000000089500000, 0x00000000d5580000)
  object space 152576K, 99% used [0x0000000080000000,0x00000000894ec808,0x0000000089500000)
 Metaspace       used 72157K, committed 73536K, reserved 1114112K
  class space    used 8985K, committed 9600K, reserved 1048576K
}
Event: 82.542 GC heap before
{Heap before GC invocations=103 (full 3):
 PSYoungGen      total 8192K, used 7953K [0x00000000d5580000, 0x00000000d5f00000, 0x0000000100000000)
  eden space 6656K, 100% used [0x00000000d5580000,0x00000000d5c00000,0x00000000d5c00000)
  from space 1536K, 84% used [0x00000000d5c00000,0x00000000d5d44528,0x00000000d5d80000)
  to   space 1536K, 0% used [0x00000000d5d80000,0x00000000d5d80000,0x00000000d5f00000)
 ParOldGen       total 152576K, used 152498K [0x0000000080000000, 0x0000000089500000, 0x00000000d5580000)
  object space 152576K, 99% used [0x0000000080000000,0x00000000894ec808,0x0000000089500000)
 Metaspace       used 72157K, committed 73536K, reserved 1114112K
  class space    used 8985K, committed 9600K, reserved 1048576K
}
Event: 82.544 GC heap after
{Heap after GC invocations=103 (full 3):
 PSYoungGen      total 8192K, used 1221K [0x00000000d5580000, 0x00000000d5f00000, 0x0000000100000000)
  eden space 6656K, 0% used [0x00000000d5580000,0x00000000d5580000,0x00000000d5c00000)
  from space 1536K, 79% used [0x00000000d5d80000,0x00000000d5eb1488,0x00000000d5f00000)
  to   space 1536K, 0% used [0x00000000d5c00000,0x00000000d5c00000,0x00000000d5d80000)
 ParOldGen       total 154112K, used 153716K [0x0000000080000000, 0x0000000089680000, 0x00000000d5580000)
  object space 154112K, 99% used [0x0000000080000000,0x000000008961d230,0x0000000089680000)
 Metaspace       used 72157K, committed 73536K, reserved 1114112K
  class space    used 8985K, committed 9600K, reserved 1048576K
}
Event: 82.576 GC heap before
{Heap before GC invocations=104 (full 3):
 PSYoungGen      total 8192K, used 7877K [0x00000000d5580000, 0x00000000d5f00000, 0x0000000100000000)
  eden space 6656K, 100% used [0x00000000d5580000,0x00000000d5c00000,0x00000000d5c00000)
  from space 1536K, 79% used [0x00000000d5d80000,0x00000000d5eb1488,0x00000000d5f00000)
  to   space 1536K, 0% used [0x00000000d5c00000,0x00000000d5c00000,0x00000000d5d80000)
 ParOldGen       total 154112K, used 153716K [0x0000000080000000, 0x0000000089680000, 0x00000000d5580000)
  object space 154112K, 99% used [0x0000000080000000,0x000000008961d230,0x0000000089680000)
 Metaspace       used 72157K, committed 73536K, reserved 1114112K
  class space    used 8985K, committed 9600K, reserved 1048576K
}
Event: 82.579 GC heap after
{Heap after GC invocations=104 (full 3):
 PSYoungGen      total 8192K, used 1220K [0x00000000d5580000, 0x00000000d5f00000, 0x0000000100000000)
  eden space 6656K, 0% used [0x00000000d5580000,0x00000000d5580000,0x00000000d5c00000)
  from space 1536K, 79% used [0x00000000d5c00000,0x00000000d5d311b0,0x00000000d5d80000)
  to   space 1536K, 0% used [0x00000000d5d80000,0x00000000d5d80000,0x00000000d5f00000)
 ParOldGen       total 155136K, used 154775K [0x0000000080000000, 0x0000000089780000, 0x00000000d5580000)
  object space 155136K, 99% used [0x0000000080000000,0x0000000089725cc8,0x0000000089780000)
 Metaspace       used 72157K, committed 73536K, reserved 1114112K
  class space    used 8985K, committed 9600K, reserved 1048576K
}
Event: 82.609 GC heap before
{Heap before GC invocations=105 (full 3):
 PSYoungGen      total 8192K, used 7876K [0x00000000d5580000, 0x00000000d5f00000, 0x0000000100000000)
  eden space 6656K, 100% used [0x00000000d5580000,0x00000000d5c00000,0x00000000d5c00000)
  from space 1536K, 79% used [0x00000000d5c00000,0x00000000d5d311b0,0x00000000d5d80000)
  to   space 1536K, 0% used [0x00000000d5d80000,0x00000000d5d80000,0x00000000d5f00000)
 ParOldGen       total 155136K, used 154775K [0x0000000080000000, 0x0000000089780000, 0x00000000d5580000)
  object space 155136K, 99% used [0x0000000080000000,0x0000000089725cc8,0x0000000089780000)
 Metaspace       used 72157K, committed 73536K, reserved 1114112K
  class space    used 8985K, committed 9600K, reserved 1048576K
}
Event: 82.613 GC heap after
{Heap after GC invocations=105 (full 3):
 PSYoungGen      total 8192K, used 1155K [0x00000000d5580000, 0x00000000d5f00000, 0x0000000100000000)
  eden space 6656K, 0% used [0x00000000d5580000,0x00000000d5580000,0x00000000d5c00000)
  from space 1536K, 75% used [0x00000000d5d80000,0x00000000d5ea0e30,0x00000000d5f00000)
  to   space 1536K, 0% used [0x00000000d5c00000,0x00000000d5c00000,0x00000000d5d80000)
 ParOldGen       total 156160K, used 155921K [0x0000000080000000, 0x0000000089880000, 0x00000000d5580000)
  object space 156160K, 99% used [0x0000000080000000,0x0000000089844610,0x0000000089880000)
 Metaspace       used 72157K, committed 73536K, reserved 1114112K
  class space    used 8985K, committed 9600K, reserved 1048576K
}
Event: 82.644 GC heap before
{Heap before GC invocations=106 (full 3):
 PSYoungGen      total 8192K, used 7811K [0x00000000d5580000, 0x00000000d5f00000, 0x0000000100000000)
  eden space 6656K, 100% used [0x00000000d5580000,0x00000000d5c00000,0x00000000d5c00000)
  from space 1536K, 75% used [0x00000000d5d80000,0x00000000d5ea0e30,0x00000000d5f00000)
  to   space 1536K, 0% used [0x00000000d5c00000,0x00000000d5c00000,0x00000000d5d80000)
 ParOldGen       total 156160K, used 155921K [0x0000000080000000, 0x0000000089880000, 0x00000000d5580000)
  object space 156160K, 99% used [0x0000000080000000,0x0000000089844610,0x0000000089880000)
 Metaspace       used 72157K, committed 73536K, reserved 1114112K
  class space    used 8985K, committed 9600K, reserved 1048576K
}
Event: 82.647 GC heap after
{Heap after GC invocations=106 (full 3):
 PSYoungGen      total 8192K, used 1188K [0x00000000d5580000, 0x00000000d5f00000, 0x0000000100000000)
  eden space 6656K, 0% used [0x00000000d5580000,0x00000000d5580000,0x00000000d5c00000)
  from space 1536K, 77% used [0x00000000d5c00000,0x00000000d5d29008,0x00000000d5d80000)
  to   space 1536K, 0% used [0x00000000d5d80000,0x00000000d5d80000,0x00000000d5f00000)
 ParOldGen       total 157184K, used 156978K [0x0000000080000000, 0x0000000089980000, 0x00000000d5580000)
  object space 157184K, 99% used [0x0000000080000000,0x000000008994caf8,0x0000000089980000)
 Metaspace       used 72157K, committed 73536K, reserved 1114112K
  class space    used 8985K, committed 9600K, reserved 1048576K
}
Event: 82.690 GC heap before
{Heap before GC invocations=107 (full 3):
 PSYoungGen      total 8192K, used 7844K [0x00000000d5580000, 0x00000000d5f00000, 0x0000000100000000)
  eden space 6656K, 100% used [0x00000000d5580000,0x00000000d5c00000,0x00000000d5c00000)
  from space 1536K, 77% used [0x00000000d5c00000,0x00000000d5d29008,0x00000000d5d80000)
  to   space 1536K, 0% used [0x00000000d5d80000,0x00000000d5d80000,0x00000000d5f00000)
 ParOldGen       total 157184K, used 156978K [0x0000000080000000, 0x0000000089980000, 0x00000000d5580000)
  object space 157184K, 99% used [0x0000000080000000,0x000000008994caf8,0x0000000089980000)
 Metaspace       used 72186K, committed 73536K, reserved 1114112K
  class space    used 8990K, committed 9600K, reserved 1048576K
}
Event: 82.693 GC heap after
{Heap after GC invocations=107 (full 3):
 PSYoungGen      total 6656K, used 1518K [0x00000000d5580000, 0x00000000d6200000, 0x0000000100000000)
  eden space 5120K, 0% used [0x00000000d5580000,0x00000000d5580000,0x00000000d5a80000)
  from space 1536K, 98% used [0x00000000d5d80000,0x00000000d5efb9d0,0x00000000d5f00000)
  to   space 3072K, 0% used [0x00000000d5a80000,0x00000000d5a80000,0x00000000d5d80000)
 ParOldGen       total 158208K, used 158059K [0x0000000080000000, 0x0000000089a80000, 0x00000000d5580000)
  object space 158208K, 99% used [0x0000000080000000,0x0000000089a5ada8,0x0000000089a80000)
 Metaspace       used 72186K, committed 73536K, reserved 1114112K
  class space    used 8990K, committed 9600K, reserved 1048576K
}
Event: 82.737 GC heap before
{Heap before GC invocations=108 (full 3):
 PSYoungGen      total 6656K, used 6638K [0x00000000d5580000, 0x00000000d6200000, 0x0000000100000000)
  eden space 5120K, 100% used [0x00000000d5580000,0x00000000d5a80000,0x00000000d5a80000)
  from space 1536K, 98% used [0x00000000d5d80000,0x00000000d5efb9d0,0x00000000d5f00000)
  to   space 3072K, 0% used [0x00000000d5a80000,0x00000000d5a80000,0x00000000d5d80000)
 ParOldGen       total 158208K, used 158059K [0x0000000080000000, 0x0000000089a80000, 0x00000000d5580000)
  object space 158208K, 99% used [0x0000000080000000,0x0000000089a5ada8,0x0000000089a80000)
 Metaspace       used 72207K, committed 73536K, reserved 1114112K
  class space    used 8992K, committed 9600K, reserved 1048576K
}
Event: 82.741 GC heap after
{Heap after GC invocations=108 (full 3):
 PSYoungGen      total 7168K, used 1898K [0x00000000d5580000, 0x00000000d5f80000, 0x0000000100000000)
  eden space 5120K, 0% used [0x00000000d5580000,0x00000000d5580000,0x00000000d5a80000)
  from space 2048K, 92% used [0x00000000d5a80000,0x00000000d5c5aa10,0x00000000d5c80000)
  to   space 2560K, 0% used [0x00000000d5d00000,0x00000000d5d00000,0x00000000d5f80000)
 ParOldGen       total 159744K, used 159419K [0x0000000080000000, 0x0000000089c00000, 0x00000000d5580000)
  object space 159744K, 99% used [0x0000000080000000,0x0000000089baeca8,0x0000000089c00000)
 Metaspace       used 72207K, committed 73536K, reserved 1114112K
  class space    used 8992K, committed 9600K, reserved 1048576K
}
Event: 82.782 GC heap before
{Heap before GC invocations=109 (full 3):
 PSYoungGen      total 7168K, used 7018K [0x00000000d5580000, 0x00000000d5f80000, 0x0000000100000000)
  eden space 5120K, 100% used [0x00000000d5580000,0x00000000d5a80000,0x00000000d5a80000)
  from space 2048K, 92% used [0x00000000d5a80000,0x00000000d5c5aa10,0x00000000d5c80000)
  to   space 2560K, 0% used [0x00000000d5d00000,0x00000000d5d00000,0x00000000d5f80000)
 ParOldGen       total 159744K, used 159419K [0x0000000080000000, 0x0000000089c00000, 0x00000000d5580000)
  object space 159744K, 99% used [0x0000000080000000,0x0000000089baeca8,0x0000000089c00000)
 Metaspace       used 72429K, committed 73856K, reserved 1114112K
  class space    used 9011K, committed 9664K, reserved 1048576K
}
Event: 82.787 GC heap after
{Heap after GC invocations=109 (full 3):
 PSYoungGen      total 6144K, used 950K [0x00000000d5580000, 0x00000000d5e00000, 0x0000000100000000)
  eden space 5120K, 0% used [0x00000000d5580000,0x00000000d5580000,0x00000000d5a80000)
  from space 1024K, 92% used [0x00000000d5d00000,0x00000000d5ded9a0,0x00000000d5e00000)
  to   space 1536K, 0% used [0x00000000d5b00000,0x00000000d5b00000,0x00000000d5c80000)
 ParOldGen       total 161280K, used 161124K [0x0000000080000000, 0x0000000089d80000, 0x00000000d5580000)
  object space 161280K, 99% used [0x0000000080000000,0x0000000089d590b0,0x0000000089d80000)
 Metaspace       used 72429K, committed 73856K, reserved 1114112K
  class space    used 9011K, committed 9664K, reserved 1048576K
}
Event: 82.825 GC heap before
{Heap before GC invocations=110 (full 3):
 PSYoungGen      total 6144K, used 6070K [0x00000000d5580000, 0x00000000d5e00000, 0x0000000100000000)
  eden space 5120K, 100% used [0x00000000d5580000,0x00000000d5a80000,0x00000000d5a80000)
  from space 1024K, 92% used [0x00000000d5d00000,0x00000000d5ded9a0,0x00000000d5e00000)
  to   space 1536K, 0% used [0x00000000d5b00000,0x00000000d5b00000,0x00000000d5c80000)
 ParOldGen       total 161280K, used 161124K [0x0000000080000000, 0x0000000089d80000, 0x00000000d5580000)
  object space 161280K, 99% used [0x0000000080000000,0x0000000089d590b0,0x0000000089d80000)
 Metaspace       used 72669K, committed 74048K, reserved 1114112K
  class space    used 9038K, committed 9664K, reserved 1048576K
}
Event: 82.827 GC heap after
{Heap after GC invocations=110 (full 3):
 PSYoungGen      total 6144K, used 967K [0x00000000d5580000, 0x00000000d5d80000, 0x0000000100000000)
  eden space 5120K, 0% used [0x00000000d5580000,0x00000000d5580000,0x00000000d5a80000)
  from space 1024K, 94% used [0x00000000d5b00000,0x00000000d5bf1c50,0x00000000d5c00000)
  to   space 1536K, 0% used [0x00000000d5c00000,0x00000000d5c00000,0x00000000d5d80000)
 ParOldGen       total 162304K, used 161879K [0x0000000080000000, 0x0000000089e80000, 0x00000000d5580000)
  object space 162304K, 99% used [0x0000000080000000,0x0000000089e15f68,0x0000000089e80000)
 Metaspace       used 72669K, committed 74048K, reserved 1114112K
  class space    used 9038K, committed 9664K, reserved 1048576K
}

